{"./config/config.js":{"path":"./config/config.js","s":{"1":1,"2":0,"3":0,"4":0,"5":0,"6":0,"7":0,"8":0,"9":0,"10":0},"b":{},"f":{"1":0},"fnMap":{"1":{"name":"(anonymous_1)","line":30,"loc":{"start":{"line":30,"column":19},"end":{"line":30,"column":37}}}},"statementMap":{"1":{"start":{"line":5,"column":0},"end":{"line":48,"column":0}},"2":{"start":{"line":33,"column":12},"end":{"line":33,"column":37}},"3":{"start":{"line":34,"column":12},"end":{"line":34,"column":47}},"4":{"start":{"line":35,"column":12},"end":{"line":35,"column":49}},"5":{"start":{"line":36,"column":12},"end":{"line":36,"column":61}},"6":{"start":{"line":39,"column":12},"end":{"line":39,"column":56}},"7":{"start":{"line":40,"column":12},"end":{"line":40,"column":35}},"8":{"start":{"line":41,"column":12},"end":{"line":41,"column":46}},"9":{"start":{"line":42,"column":12},"end":{"line":42,"column":53}},"10":{"start":{"line":43,"column":12},"end":{"line":43,"column":60}}},"branchMap":{}},"./src/app.js":{"path":"./src/app.js","s":{"1":1,"2":1,"3":1,"4":1,"5":1,"6":1},"b":{},"f":{"1":1,"2":1},"fnMap":{"1":{"name":"(anonymous_1)","line":5,"loc":{"start":{"line":5,"column":18},"end":{"line":5,"column":29}}},"2":{"name":"(anonymous_2)","line":21,"loc":{"start":{"line":21,"column":16},"end":{"line":21,"column":28}}}},"statementMap":{"1":{"start":{"line":5,"column":0},"end":{"line":8,"column":3}},"2":{"start":{"line":7,"column":4},"end":{"line":7,"column":29}},"3":{"start":{"line":12,"column":0},"end":{"line":30,"column":0}},"4":{"start":{"line":23,"column":8},"end":{"line":23,"column":67}},"5":{"start":{"line":24,"column":8},"end":{"line":24,"column":75}},"6":{"start":{"line":26,"column":8},"end":{"line":26,"column":33}}},"branchMap":{}},"./src/collections/course-collection.js":{"path":"./src/collections/course-collection.js","s":{"1":1},"b":{},"f":{},"fnMap":{},"statementMap":{"1":{"start":{"line":1,"column":0},"end":{"line":6,"column":3}}},"branchMap":{}},"./src/collections/exercise-collection.js":{"path":"./src/collections/exercise-collection.js","s":{"1":1,"2":0},"b":{},"f":{"1":0},"fnMap":{"1":{"name":"(anonymous_1)","line":9,"loc":{"start":{"line":9,"column":9},"end":{"line":9,"column":21}}}},"statementMap":{"1":{"start":{"line":5,"column":0},"end":{"line":13,"column":3}},"2":{"start":{"line":11,"column":8},"end":{"line":11,"column":73}}},"branchMap":{}},"./src/collections/file-collection.js":{"path":"./src/collections/file-collection.js","s":{"1":1,"2":0},"b":{},"f":{"1":0},"fnMap":{"1":{"name":"(anonymous_1)","line":9,"loc":{"start":{"line":9,"column":9},"end":{"line":9,"column":21}}}},"statementMap":{"1":{"start":{"line":5,"column":0},"end":{"line":22,"column":3}},"2":{"start":{"line":11,"column":8},"end":{"line":20,"column":24}}},"branchMap":{}},"./src/collections/snapshot-collection.js":{"path":"./src/collections/snapshot-collection.js","s":{"1":1,"2":0,"3":0,"4":0,"5":3,"6":0,"7":0,"8":0},"b":{"1":[0,0],"2":[0,0,0],"3":[0,3]},"f":{"1":0,"2":3},"fnMap":{"1":{"name":"(anonymous_1)","line":10,"loc":{"start":{"line":10,"column":9},"end":{"line":10,"column":21}}},"2":{"name":"(anonymous_2)","line":26,"loc":{"start":{"line":26,"column":16},"end":{"line":26,"column":43}}}},"statementMap":{"1":{"start":{"line":6,"column":0},"end":{"line":34,"column":3}},"2":{"start":{"line":12,"column":8},"end":{"line":14,"column":9}},"3":{"start":{"line":13,"column":12},"end":{"line":13,"column":107}},"4":{"start":{"line":16,"column":8},"end":{"line":23,"column":28}},"5":{"start":{"line":28,"column":8},"end":{"line":32,"column":9}},"6":{"start":{"line":29,"column":12},"end":{"line":29,"column":47}},"7":{"start":{"line":30,"column":12},"end":{"line":30,"column":45}},"8":{"start":{"line":31,"column":12},"end":{"line":31,"column":49}}},"branchMap":{"1":{"line":12,"type":"if","locations":[{"start":{"line":12,"column":8},"end":{"line":12,"column":8}},{"start":{"line":12,"column":8},"end":{"line":12,"column":8}}]},"2":{"line":12,"type":"binary-expr","locations":[{"start":{"line":12,"column":12},"end":{"line":12,"column":27}},{"start":{"line":12,"column":31},"end":{"line":12,"column":45}},{"start":{"line":12,"column":49},"end":{"line":12,"column":65}}]},"3":{"line":28,"type":"if","locations":[{"start":{"line":28,"column":8},"end":{"line":28,"column":8}},{"start":{"line":28,"column":8},"end":{"line":28,"column":8}}]}}},"./src/collections/student-collection.js":{"path":"./src/collections/student-collection.js","s":{"1":1},"b":{},"f":{},"fnMap":{},"statementMap":{"1":{"start":{"line":1,"column":0},"end":{"line":6,"column":3}}},"branchMap":{}},"./src/helpers/ace-mode.js":{"path":"./src/helpers/ace-mode.js","s":{"1":1,"2":4,"3":4,"4":2,"5":2,"6":2,"7":4},"b":{"1":[2,2],"2":[4,3],"3":[2,1]},"f":{"1":4},"fnMap":{"1":{"name":"(anonymous_1)","line":9,"loc":{"start":{"line":9,"column":24},"end":{"line":9,"column":44}}}},"statementMap":{"1":{"start":{"line":1,"column":0},"end":{"line":28,"column":0}},"2":{"start":{"line":12,"column":8},"end":{"line":12,"column":26}},"3":{"start":{"line":15,"column":8},"end":{"line":22,"column":9}},"4":{"start":{"line":17,"column":12},"end":{"line":17,"column":44}},"5":{"start":{"line":18,"column":12},"end":{"line":18,"column":60}},"6":{"start":{"line":21,"column":12},"end":{"line":21,"column":56}},"7":{"start":{"line":24,"column":8},"end":{"line":24,"column":34}}},"branchMap":{"1":{"line":15,"type":"if","locations":[{"start":{"line":15,"column":8},"end":{"line":15,"column":8}},{"start":{"line":15,"column":8},"end":{"line":15,"column":8}}]},"2":{"line":15,"type":"binary-expr","locations":[{"start":{"line":15,"column":12},"end":{"line":15,"column":40}},{"start":{"line":15,"column":44},"end":{"line":15,"column":71}}]},"3":{"line":21,"type":"binary-expr","locations":[{"start":{"line":21,"column":19},"end":{"line":21,"column":47}},{"start":{"line":21,"column":51},"end":{"line":21,"column":55}}]}}},"./src/helpers/date-formatter.js":{"path":"./src/helpers/date-formatter.js","s":{"1":1,"2":3},"b":{},"f":{"1":3},"fnMap":{"1":{"name":"(anonymous_1)","line":1,"loc":{"start":{"line":1,"column":37},"end":{"line":1,"column":53}}}},"statementMap":{"1":{"start":{"line":1,"column":0},"end":{"line":4,"column":3}},"2":{"start":{"line":3,"column":4},"end":{"line":3,"column":43}}},"branchMap":{}},"./src/models/course.js":{"path":"./src/models/course.js","s":{"1":1},"b":{},"f":{},"fnMap":{},"statementMap":{"1":{"start":{"line":1,"column":0},"end":{"line":19,"column":3}}},"branchMap":{}},"./src/models/exercise.js":{"path":"./src/models/exercise.js","s":{"1":1,"2":0},"b":{},"f":{"1":0},"fnMap":{"1":{"name":"(anonymous_1)","line":7,"loc":{"start":{"line":7,"column":13},"end":{"line":7,"column":25}}}},"statementMap":{"1":{"start":{"line":5,"column":0},"end":{"line":11,"column":3}},"2":{"start":{"line":9,"column":8},"end":{"line":9,"column":87}}},"branchMap":{}},"./src/models/file.js":{"path":"./src/models/file.js","s":{"1":1,"2":0,"3":0,"4":0,"5":0,"6":0},"b":{},"f":{"1":0,"2":0,"3":0,"4":0},"fnMap":{"1":{"name":"(anonymous_1)","line":7,"loc":{"start":{"line":7,"column":13},"end":{"line":7,"column":25}}},"2":{"name":"(anonymous_2)","line":23,"loc":{"start":{"line":23,"column":18},"end":{"line":23,"column":38}}},"3":{"name":"(anonymous_3)","line":25,"loc":{"start":{"line":25,"column":73},"end":{"line":25,"column":92}}},"4":{"name":"(anonymous_4)","line":30,"loc":{"start":{"line":30,"column":21},"end":{"line":30,"column":33}}}},"statementMap":{"1":{"start":{"line":5,"column":0},"end":{"line":35,"column":3}},"2":{"start":{"line":9,"column":8},"end":{"line":18,"column":24}},"3":{"start":{"line":25,"column":8},"end":{"line":28,"column":11}},"4":{"start":{"line":27,"column":12},"end":{"line":27,"column":36}},"5":{"start":{"line":30,"column":8},"end":{"line":33,"column":11}},"6":{"start":{"line":32,"column":12},"end":{"line":32,"column":36}}},"branchMap":{}},"./src/models/snapshot.js":{"path":"./src/models/snapshot.js","s":{"1":1,"2":0,"3":0,"4":0},"b":{"1":[0,0],"2":[0,0,0]},"f":{"1":0},"fnMap":{"1":{"name":"(anonymous_1)","line":8,"loc":{"start":{"line":8,"column":13},"end":{"line":8,"column":25}}}},"statementMap":{"1":{"start":{"line":6,"column":0},"end":{"line":38,"column":3}},"2":{"start":{"line":10,"column":8},"end":{"line":12,"column":9}},"3":{"start":{"line":11,"column":12},"end":{"line":11,"column":111}},"4":{"start":{"line":14,"column":8},"end":{"line":21,"column":28}}},"branchMap":{"1":{"line":10,"type":"if","locations":[{"start":{"line":10,"column":8},"end":{"line":10,"column":8}},{"start":{"line":10,"column":8},"end":{"line":10,"column":8}}]},"2":{"line":10,"type":"binary-expr","locations":[{"start":{"line":10,"column":12},"end":{"line":10,"column":34}},{"start":{"line":10,"column":38},"end":{"line":10,"column":59}},{"start":{"line":10,"column":63},"end":{"line":10,"column":86}}]}}},"./src/models/student.js":{"path":"./src/models/student.js","s":{"1":1},"b":{},"f":{},"fnMap":{},"statementMap":{"1":{"start":{"line":1,"column":0},"end":{"line":14,"column":3}}},"branchMap":{}},"./src/routers/base-router.js":{"path":"./src/routers/base-router.js","s":{"1":1,"2":1,"3":2,"4":2},"b":{},"f":{"1":1,"2":2},"fnMap":{"1":{"name":"(anonymous_1)","line":9,"loc":{"start":{"line":9,"column":16},"end":{"line":9,"column":28}}},"2":{"name":"(anonymous_2)","line":14,"loc":{"start":{"line":14,"column":14},"end":{"line":14,"column":26}}}},"statementMap":{"1":{"start":{"line":1,"column":0},"end":{"line":20,"column":3}},"2":{"start":{"line":11,"column":8},"end":{"line":11,"column":58}},"3":{"start":{"line":16,"column":8},"end":{"line":16,"column":32}},"4":{"start":{"line":18,"column":8},"end":{"line":18,"column":32}}},"branchMap":{}},"./src/routers/snapshot-router.js":{"path":"./src/routers/snapshot-router.js","s":{"1":1,"2":3,"3":0,"4":0,"5":0,"6":0,"7":0,"8":0,"9":0,"10":0,"11":0,"12":0},"b":{"1":[0,0]},"f":{"1":3,"2":0,"3":0,"4":0},"fnMap":{"1":{"name":"(anonymous_1)","line":10,"loc":{"start":{"line":10,"column":16},"end":{"line":10,"column":28}}},"2":{"name":"(anonymous_2)","line":15,"loc":{"start":{"line":15,"column":14},"end":{"line":15,"column":77}}},"3":{"name":"(anonymous_3)","line":27,"loc":{"start":{"line":27,"column":21},"end":{"line":27,"column":33}}},"4":{"name":"(anonymous_4)","line":40,"loc":{"start":{"line":40,"column":19},"end":{"line":40,"column":31}}}},"statementMap":{"1":{"start":{"line":1,"column":0},"end":{"line":46,"column":3}},"2":{"start":{"line":12,"column":8},"end":{"line":12,"column":64}},"3":{"start":{"line":17,"column":8},"end":{"line":19,"column":113}},"4":{"start":{"line":20,"column":8},"end":{"line":20,"column":58}},"5":{"start":{"line":22,"column":8},"end":{"line":22,"column":24}},"6":{"start":{"line":25,"column":8},"end":{"line":44,"column":11}},"7":{"start":{"line":29,"column":16},"end":{"line":29,"column":66}},"8":{"start":{"line":31,"column":16},"end":{"line":35,"column":17}},"9":{"start":{"line":33,"column":20},"end":{"line":33,"column":68}},"10":{"start":{"line":34,"column":20},"end":{"line":34,"column":27}},"11":{"start":{"line":37,"column":16},"end":{"line":37,"column":61}},"12":{"start":{"line":42,"column":16},"end":{"line":42,"column":58}}},"branchMap":{"1":{"line":31,"type":"if","locations":[{"start":{"line":31,"column":16},"end":{"line":31,"column":16}},{"start":{"line":31,"column":16},"end":{"line":31,"column":16}}]}}},"./src/views/editor-view.js":{"path":"./src/views/editor-view.js","s":{"1":1,"2":0,"3":0,"4":0,"5":0,"6":0,"7":0,"8":0,"9":0,"10":0,"11":0,"12":0,"13":0,"14":0,"15":0},"b":{},"f":{"1":0,"2":0,"3":0,"4":0},"fnMap":{"1":{"name":"(anonymous_1)","line":5,"loc":{"start":{"line":5,"column":12},"end":{"line":5,"column":37}}},"2":{"name":"(anonymous_2)","line":26,"loc":{"start":{"line":26,"column":14},"end":{"line":26,"column":31}}},"3":{"name":"(anonymous_3)","line":32,"loc":{"start":{"line":32,"column":12},"end":{"line":32,"column":24}}},"4":{"name":"(anonymous_4)","line":37,"loc":{"start":{"line":37,"column":32},"end":{"line":37,"column":51}}}},"statementMap":{"1":{"start":{"line":1,"column":0},"end":{"line":45,"column":3}},"2":{"start":{"line":8,"column":8},"end":{"line":8,"column":56}},"3":{"start":{"line":10,"column":8},"end":{"line":10,"column":30}},"4":{"start":{"line":13,"column":8},"end":{"line":13,"column":41}},"5":{"start":{"line":16,"column":8},"end":{"line":16,"column":45}},"6":{"start":{"line":19,"column":8},"end":{"line":19,"column":38}},"7":{"start":{"line":20,"column":8},"end":{"line":20,"column":40}},"8":{"start":{"line":23,"column":8},"end":{"line":23,"column":47}},"9":{"start":{"line":28,"column":8},"end":{"line":28,"column":27}},"10":{"start":{"line":29,"column":8},"end":{"line":29,"column":22}},"11":{"start":{"line":34,"column":8},"end":{"line":34,"column":24}},"12":{"start":{"line":37,"column":8},"end":{"line":43,"column":11}},"13":{"start":{"line":39,"column":12},"end":{"line":39,"column":50}},"14":{"start":{"line":40,"column":12},"end":{"line":40,"column":79}},"15":{"start":{"line":42,"column":12},"end":{"line":42,"column":39}}},"branchMap":{}},"./src/views/error-view.js":{"path":"./src/views/error-view.js","s":{"1":1,"2":2},"b":{},"f":{"1":2},"fnMap":{"1":{"name":"(anonymous_1)","line":6,"loc":{"start":{"line":6,"column":12},"end":{"line":6,"column":23}}}},"statementMap":{"1":{"start":{"line":1,"column":0},"end":{"line":10,"column":3}},"2":{"start":{"line":8,"column":8},"end":{"line":8,"column":37}}},"branchMap":{}},"./src/views/snapshot-view.js":{"path":"./src/views/snapshot-view.js","s":{"1":1,"2":3,"3":3,"4":3,"5":3,"6":3,"7":3,"8":3,"9":0,"10":0,"11":0,"12":0,"13":0,"14":0,"15":0,"16":0,"17":0,"18":0,"19":0,"20":0,"21":0,"22":0,"23":0},"b":{"1":[0,0]},"f":{"1":3,"2":3,"3":0,"4":0,"5":0,"6":0},"fnMap":{"1":{"name":"(anonymous_1)","line":12,"loc":{"start":{"line":12,"column":16},"end":{"line":12,"column":28}}},"2":{"name":"(anonymous_2)","line":23,"loc":{"start":{"line":23,"column":12},"end":{"line":23,"column":24}}},"3":{"name":"(anonymous_3)","line":39,"loc":{"start":{"line":39,"column":14},"end":{"line":39,"column":39}}},"4":{"name":"(anonymous_4)","line":55,"loc":{"start":{"line":55,"column":14},"end":{"line":55,"column":28}}},"5":{"name":"(anonymous_5)","line":67,"loc":{"start":{"line":67,"column":14},"end":{"line":67,"column":31}}},"6":{"name":"(anonymous_6)","line":78,"loc":{"start":{"line":78,"column":10},"end":{"line":78,"column":27}}}},"statementMap":{"1":{"start":{"line":1,"column":0},"end":{"line":88,"column":3}},"2":{"start":{"line":14,"column":8},"end":{"line":14,"column":54}},"3":{"start":{"line":15,"column":8},"end":{"line":15,"column":74}},"4":{"start":{"line":17,"column":8},"end":{"line":17,"column":22}},"5":{"start":{"line":20,"column":8},"end":{"line":20,"column":60}},"6":{"start":{"line":25,"column":8},"end":{"line":34,"column":8}},"7":{"start":{"line":34,"column":8},"end":{"line":34,"column":78}},"8":{"start":{"line":36,"column":8},"end":{"line":36,"column":30}},"9":{"start":{"line":41,"column":8},"end":{"line":41,"column":27}},"10":{"start":{"line":42,"column":8},"end":{"line":42,"column":22}},"11":{"start":{"line":45,"column":8},"end":{"line":45,"column":56}},"12":{"start":{"line":48,"column":8},"end":{"line":52,"column":9}},"13":{"start":{"line":49,"column":12},"end":{"line":49,"column":68}},"14":{"start":{"line":51,"column":12},"end":{"line":51,"column":74}},"15":{"start":{"line":57,"column":8},"end":{"line":64,"column":46}},"16":{"start":{"line":69,"column":8},"end":{"line":69,"column":31}},"17":{"start":{"line":72,"column":8},"end":{"line":72,"column":56}},"18":{"start":{"line":73,"column":8},"end":{"line":73,"column":53}},"19":{"start":{"line":75,"column":8},"end":{"line":75,"column":35}},"20":{"start":{"line":80,"column":8},"end":{"line":80,"column":31}},"21":{"start":{"line":83,"column":8},"end":{"line":83,"column":56}},"22":{"start":{"line":84,"column":8},"end":{"line":84,"column":49}},"23":{"start":{"line":86,"column":8},"end":{"line":86,"column":31}}},"branchMap":{"1":{"line":48,"type":"if","locations":[{"start":{"line":48,"column":8},"end":{"line":48,"column":8}},{"start":{"line":48,"column":8},"end":{"line":48,"column":8}}]}}}}